================================================================================
EvoAAE - 在SWaT数据集上进行异常检测
================================================================================
加载数据...
正常数据形状 (不含标签): (99360, 51)
攻击数据形状 (不含标签): (89984, 51)
正常数据标签分布: {0: 99360}
攻击数据标签分布: {0: 79053, 1: 10931}

特征数量: 51
训练集大小: (99360, 51)
测试集大小: (89984, 51)

================================================================================
初始化EvoAAE模型...
================================================================================

开始训练模型...
这可能需要一些时间，请耐心等待...
============================================================
开始训练EvoAAE模型（仅用正常数据）
============================================================

1. 预处理正常数据...
数据验证...
  数据范围: [0.000000, 2.000000]
  数据均值: 0.905532, 标准差: 0.509472
归一化数据...
  归一化后范围: [-12.449143, 31.703657]
  归一化后均值: -0.000000, 标准差: 0.885615
应用滑动窗口切分 (窗口大小=100, 步长=20)...
原始数据形状: (99360, 51)
处理后窗口形状: (4964, 100, 51)
窗口数据范围: [-12.449143, 31.703657]
训练集和验证集已准备
  训练集: 3971 个窗口
  验证集: 993 个窗口

预处理异常数据...
数据验证...
  数据范围: [0.000000, 2.000000]
  数据均值: 0.867575, 标准差: 0.523412
归一化数据...
  归一化后范围: [-22.005583, 90.439835]
  归一化后均值: 0.000000, 标准差: 0.928841
应用滑动窗口切分 (窗口大小=100, 步长=20)...
原始数据形状: (89984, 51)
处理后窗口形状: (4495, 100, 51)
窗口数据范围: [-22.005583, 90.439835]
异常数据已预处理: 4495 个窗口

2. PSO超参数优化...
总编码长度: 16 位
  batch_size: 2 位 (4 个选项)
  learning_rate: 2 位 (4 个选项)
  optimizer: 2 位 (4 个选项)
  n_layers: 2 位 (4 个选项)
  n_kernels: 3 位 (8 个选项)
  kernel_size: 2 位 (4 个选项)
  normalization: 1 位 (2 个选项)
  activation: 2 位 (4 个选项)
开始二进制PSO优化，种群大小: 15, 最大迭代次数: 20
训练数据统计: min=-12.4491, max=31.7037, mean=0.0022, std=0.8750
训练数据统计: min=-12.4491, max=31.7037, mean=0.0022, std=0.8750
训练数据统计: min=-12.4491, max=31.7037, mean=0.0022, std=0.8750
训练数据统计: min=-12.4491, max=31.7037, mean=0.0022, std=0.8750
训练数据统计: min=-12.4491, max=31.7037, mean=0.0022, std=0.8750
训练数据统计: min=-12.4491, max=31.7037, mean=0.0022, std=0.8750
训练数据统计: min=-12.4491, max=31.7037, mean=0.0022, std=0.8750
训练数据统计: min=-12.4491, max=31.7037, mean=0.0022, std=0.8750
训练数据统计: min=-12.4491, max=31.7037, mean=0.0022, std=0.8750
训练数据统计: min=-12.4491, max=31.7037, mean=0.0022, std=0.8750
训练数据统计: min=-12.4491, max=31.7037, mean=0.0022, std=0.8750
训练数据统计: min=-12.4491, max=31.7037, mean=0.0022, std=0.8750
训练数据统计: min=-12.4491, max=31.7037, mean=0.0022, std=0.8750
训练数据统计: min=-12.4491, max=31.7037, mean=0.0022, std=0.8750
训练数据统计: min=-12.4491, max=31.7037, mean=0.0022, std=0.8750
训练数据统计: min=-12.4491, max=31.7037, mean=0.0022, std=0.8750
训练数据统计: min=-12.4491, max=31.7037, mean=0.0022, std=0.8750
训练数据统计: min=-12.4491, max=31.7037, mean=0.0022, std=0.8750
训练数据统计: min=-12.4491, max=31.7037, mean=0.0022, std=0.8750
训练数据统计: min=-12.4491, max=31.7037, mean=0.0022, std=0.8750
训练数据统计: min=-12.4491, max=31.7037, mean=0.0022, std=0.8750
训练数据统计: min=-12.4491, max=31.7037, mean=0.0022, std=0.8750
训练数据统计: min=-12.4491, max=31.7037, mean=0.0022, std=0.8750
训练数据统计: min=-12.4491, max=31.7037, mean=0.0022, std=0.8750
训练数据统计: min=-12.4491, max=31.7037, mean=0.0022, std=0.8750
训练数据统计: min=-12.4491, max=31.7037, mean=0.0022, std=0.8750
训练数据统计: min=-12.4491, max=31.7037, mean=0.0022, std=0.8750
训练数据统计: min=-12.4491, max=31.7037, mean=0.0022, std=0.8750
训练数据统计: min=-12.4491, max=31.7037, mean=0.0022, std=0.8750
训练数据统计: min=-12.4491, max=31.7037, mean=0.0022, std=0.8750
训练数据统计: min=-12.4491, max=31.7037, mean=0.0022, std=0.8750
训练数据统计: min=-12.4491, max=31.7037, mean=0.0022, std=0.8750
训练数据统计: min=-12.4491, max=31.7037, mean=0.0022, std=0.8750
训练数据统计: min=-12.4491, max=31.7037, mean=0.0022, std=0.8750
训练数据统计: min=-12.4491, max=31.7037, mean=0.0022, std=0.8750
训练数据统计: min=-12.4491, max=31.7037, mean=0.0022, std=0.8750
训练数据统计: min=-12.4491, max=31.7037, mean=0.0022, std=0.8750
训练数据统计: min=-12.4491, max=31.7037, mean=0.0022, std=0.8750
训练数据统计: min=-12.4491, max=31.7037, mean=0.0022, std=0.8750
训练数据统计: min=-12.4491, max=31.7037, mean=0.0022, std=0.8750
训练数据统计: min=-12.4491, max=31.7037, mean=0.0022, std=0.8750
训练数据统计: min=-12.4491, max=31.7037, mean=0.0022, std=0.8750
训练数据统计: min=-12.4491, max=31.7037, mean=0.0022, std=0.8750
训练数据统计: min=-12.4491, max=31.7037, mean=0.0022, std=0.8750
训练数据统计: min=-12.4491, max=31.7037, mean=0.0022, std=0.8750
训练数据统计: min=-12.4491, max=31.7037, mean=0.0022, std=0.8750
训练数据统计: min=-12.4491, max=31.7037, mean=0.0022, std=0.8750
训练数据统计: min=-12.4491, max=31.7037, mean=0.0022, std=0.8750
训练数据统计: min=-12.4491, max=31.7037, mean=0.0022, std=0.8750
训练数据统计: min=-12.4491, max=31.7037, mean=0.0022, std=0.8750
训练数据统计: min=-12.4491, max=31.7037, mean=0.0022, std=0.8750
警告: 编码器梯度范数=23.25, 解码器梯度范数=1.88
训练数据统计: min=-12.4491, max=31.7037, mean=0.0022, std=0.8750
训练数据统计: min=-12.4491, max=31.7037, mean=0.0022, std=0.8750
训练数据统计: min=-12.4491, max=31.7037, mean=0.0022, std=0.8750
训练数据统计: min=-12.4491, max=31.7037, mean=0.0022, std=0.8750
训练数据统计: min=-12.4491, max=31.7037, mean=0.0022, std=0.8750
训练数据统计: min=-12.4491, max=31.7037, mean=0.0022, std=0.8750
训练数据统计: min=-12.4491, max=31.7037, mean=0.0022, std=0.8750
训练数据统计: min=-12.4491, max=31.7037, mean=0.0022, std=0.8750
训练数据统计: min=-12.4491, max=31.7037, mean=0.0022, std=0.8750
训练数据统计: min=-12.4491, max=31.7037, mean=0.0022, std=0.8750
训练数据统计: min=-12.4491, max=31.7037, mean=0.0022, std=0.8750
训练数据统计: min=-12.4491, max=31.7037, mean=0.0022, std=0.8750
训练数据统计: min=-12.4491, max=31.7037, mean=0.0022, std=0.8750
训练数据统计: min=-12.4491, max=31.7037, mean=0.0022, std=0.8750
训练数据统计: min=-12.4491, max=31.7037, mean=0.0022, std=0.8750
训练数据统计: min=-12.4491, max=31.7037, mean=0.0022, std=0.8750
训练数据统计: min=-12.4491, max=31.7037, mean=0.0022, std=0.8750
训练数据统计: min=-12.4491, max=31.7037, mean=0.0022, std=0.8750
训练数据统计: min=-12.4491, max=31.7037, mean=0.0022, std=0.8750
训练数据统计: min=-12.4491, max=31.7037, mean=0.0022, std=0.8750
训练数据统计: min=-12.4491, max=31.7037, mean=0.0022, std=0.8750
训练数据统计: min=-12.4491, max=31.7037, mean=0.0022, std=0.8750
训练数据统计: min=-12.4491, max=31.7037, mean=0.0022, std=0.8750
训练数据统计: min=-12.4491, max=31.7037, mean=0.0022, std=0.8750
迭代 5/20 - 最佳适应度: 2.208848
训练数据统计: min=-12.4491, max=31.7037, mean=0.0022, std=0.8750
训练数据统计: min=-12.4491, max=31.7037, mean=0.0022, std=0.8750
训练数据统计: min=-12.4491, max=31.7037, mean=0.0022, std=0.8750
训练数据统计: min=-12.4491, max=31.7037, mean=0.0022, std=0.8750
训练数据统计: min=-12.4491, max=31.7037, mean=0.0022, std=0.8750
训练数据统计: min=-12.4491, max=31.7037, mean=0.0022, std=0.8750
训练数据统计: min=-12.4491, max=31.7037, mean=0.0022, std=0.8750
训练数据统计: min=-12.4491, max=31.7037, mean=0.0022, std=0.8750
训练数据统计: min=-12.4491, max=31.7037, mean=0.0022, std=0.8750
警告: 编码器梯度范数=15.21, 解码器梯度范数=1.33
训练数据统计: min=-12.4491, max=31.7037, mean=0.0022, std=0.8750
训练数据统计: min=-12.4491, max=31.7037, mean=0.0022, std=0.8750
训练数据统计: min=-12.4491, max=31.7037, mean=0.0022, std=0.8750
训练数据统计: min=-12.4491, max=31.7037, mean=0.0022, std=0.8750
训练数据统计: min=-12.4491, max=31.7037, mean=0.0022, std=0.8750
训练数据统计: min=-12.4491, max=31.7037, mean=0.0022, std=0.8750
训练数据统计: min=-12.4491, max=31.7037, mean=0.0022, std=0.8750
训练数据统计: min=-12.4491, max=31.7037, mean=0.0022, std=0.8750
训练数据统计: min=-12.4491, max=31.7037, mean=0.0022, std=0.8750
训练数据统计: min=-12.4491, max=31.7037, mean=0.0022, std=0.8750
训练数据统计: min=-12.4491, max=31.7037, mean=0.0022, std=0.8750
训练数据统计: min=-12.4491, max=31.7037, mean=0.0022, std=0.8750
训练数据统计: min=-12.4491, max=31.7037, mean=0.0022, std=0.8750
训练数据统计: min=-12.4491, max=31.7037, mean=0.0022, std=0.8750
训练数据统计: min=-12.4491, max=31.7037, mean=0.0022, std=0.8750
训练数据统计: min=-12.4491, max=31.7037, mean=0.0022, std=0.8750
训练数据统计: min=-12.4491, max=31.7037, mean=0.0022, std=0.8750
训练数据统计: min=-12.4491, max=31.7037, mean=0.0022, std=0.8750
训练数据统计: min=-12.4491, max=31.7037, mean=0.0022, std=0.8750
训练数据统计: min=-12.4491, max=31.7037, mean=0.0022, std=0.8750
训练数据统计: min=-12.4491, max=31.7037, mean=0.0022, std=0.8750
训练数据统计: min=-12.4491, max=31.7037, mean=0.0022, std=0.8750
训练数据统计: min=-12.4491, max=31.7037, mean=0.0022, std=0.8750
训练数据统计: min=-12.4491, max=31.7037, mean=0.0022, std=0.8750
训练数据统计: min=-12.4491, max=31.7037, mean=0.0022, std=0.8750
训练数据统计: min=-12.4491, max=31.7037, mean=0.0022, std=0.8750
训练数据统计: min=-12.4491, max=31.7037, mean=0.0022, std=0.8750
训练数据统计: min=-12.4491, max=31.7037, mean=0.0022, std=0.8750
训练数据统计: min=-12.4491, max=31.7037, mean=0.0022, std=0.8750
训练数据统计: min=-12.4491, max=31.7037, mean=0.0022, std=0.8750
训练数据统计: min=-12.4491, max=31.7037, mean=0.0022, std=0.8750
训练数据统计: min=-12.4491, max=31.7037, mean=0.0022, std=0.8750
训练数据统计: min=-12.4491, max=31.7037, mean=0.0022, std=0.8750
训练数据统计: min=-12.4491, max=31.7037, mean=0.0022, std=0.8750
训练数据统计: min=-12.4491, max=31.7037, mean=0.0022, std=0.8750
训练数据统计: min=-12.4491, max=31.7037, mean=0.0022, std=0.8750
训练数据统计: min=-12.4491, max=31.7037, mean=0.0022, std=0.8750
训练数据统计: min=-12.4491, max=31.7037, mean=0.0022, std=0.8750
训练数据统计: min=-12.4491, max=31.7037, mean=0.0022, std=0.8750
训练数据统计: min=-12.4491, max=31.7037, mean=0.0022, std=0.8750
训练数据统计: min=-12.4491, max=31.7037, mean=0.0022, std=0.8750
训练数据统计: min=-12.4491, max=31.7037, mean=0.0022, std=0.8750
训练数据统计: min=-12.4491, max=31.7037, mean=0.0022, std=0.8750
训练数据统计: min=-12.4491, max=31.7037, mean=0.0022, std=0.8750
警告: 编码器梯度范数=41.40, 解码器梯度范数=1.85
训练数据统计: min=-12.4491, max=31.7037, mean=0.0022, std=0.8750
训练数据统计: min=-12.4491, max=31.7037, mean=0.0022, std=0.8750
训练数据统计: min=-12.4491, max=31.7037, mean=0.0022, std=0.8750
训练数据统计: min=-12.4491, max=31.7037, mean=0.0022, std=0.8750
训练数据统计: min=-12.4491, max=31.7037, mean=0.0022, std=0.8750
训练数据统计: min=-12.4491, max=31.7037, mean=0.0022, std=0.8750
训练数据统计: min=-12.4491, max=31.7037, mean=0.0022, std=0.8750
训练数据统计: min=-12.4491, max=31.7037, mean=0.0022, std=0.8750
训练数据统计: min=-12.4491, max=31.7037, mean=0.0022, std=0.8750
警告: 编码器梯度范数=125.75, 解码器梯度范数=2.43
训练数据统计: min=-12.4491, max=31.7037, mean=0.0022, std=0.8750
训练数据统计: min=-12.4491, max=31.7037, mean=0.0022, std=0.8750
训练数据统计: min=-12.4491, max=31.7037, mean=0.0022, std=0.8750
训练数据统计: min=-12.4491, max=31.7037, mean=0.0022, std=0.8750
训练数据统计: min=-12.4491, max=31.7037, mean=0.0022, std=0.8750
训练数据统计: min=-12.4491, max=31.7037, mean=0.0022, std=0.8750
训练数据统计: min=-12.4491, max=31.7037, mean=0.0022, std=0.8750
训练数据统计: min=-12.4491, max=31.7037, mean=0.0022, std=0.8750
训练数据统计: min=-12.4491, max=31.7037, mean=0.0022, std=0.8750
训练数据统计: min=-12.4491, max=31.7037, mean=0.0022, std=0.8750
训练数据统计: min=-12.4491, max=31.7037, mean=0.0022, std=0.8750
训练数据统计: min=-12.4491, max=31.7037, mean=0.0022, std=0.8750
训练数据统计: min=-12.4491, max=31.7037, mean=0.0022, std=0.8750
迭代 10/20 - 最佳适应度: 2.208848
训练数据统计: min=-12.4491, max=31.7037, mean=0.0022, std=0.8750
训练数据统计: min=-12.4491, max=31.7037, mean=0.0022, std=0.8750
训练数据统计: min=-12.4491, max=31.7037, mean=0.0022, std=0.8750
训练数据统计: min=-12.4491, max=31.7037, mean=0.0022, std=0.8750
警告: 编码器梯度范数=12.90, 解码器梯度范数=1.63
训练数据统计: min=-12.4491, max=31.7037, mean=0.0022, std=0.8750
训练数据统计: min=-12.4491, max=31.7037, mean=0.0022, std=0.8750
训练数据统计: min=-12.4491, max=31.7037, mean=0.0022, std=0.8750
训练数据统计: min=-12.4491, max=31.7037, mean=0.0022, std=0.8750
训练数据统计: min=-12.4491, max=31.7037, mean=0.0022, std=0.8750
训练数据统计: min=-12.4491, max=31.7037, mean=0.0022, std=0.8750
训练数据统计: min=-12.4491, max=31.7037, mean=0.0022, std=0.8750
训练数据统计: min=-12.4491, max=31.7037, mean=0.0022, std=0.8750
训练数据统计: min=-12.4491, max=31.7037, mean=0.0022, std=0.8750
训练数据统计: min=-12.4491, max=31.7037, mean=0.0022, std=0.8750
训练数据统计: min=-12.4491, max=31.7037, mean=0.0022, std=0.8750
训练数据统计: min=-12.4491, max=31.7037, mean=0.0022, std=0.8750
训练数据统计: min=-12.4491, max=31.7037, mean=0.0022, std=0.8750
训练数据统计: min=-12.4491, max=31.7037, mean=0.0022, std=0.8750
训练数据统计: min=-12.4491, max=31.7037, mean=0.0022, std=0.8750
训练数据统计: min=-12.4491, max=31.7037, mean=0.0022, std=0.8750
训练数据统计: min=-12.4491, max=31.7037, mean=0.0022, std=0.8750
训练数据统计: min=-12.4491, max=31.7037, mean=0.0022, std=0.8750
训练数据统计: min=-12.4491, max=31.7037, mean=0.0022, std=0.8750
训练数据统计: min=-12.4491, max=31.7037, mean=0.0022, std=0.8750
训练数据统计: min=-12.4491, max=31.7037, mean=0.0022, std=0.8750
训练数据统计: min=-12.4491, max=31.7037, mean=0.0022, std=0.8750
训练数据统计: min=-12.4491, max=31.7037, mean=0.0022, std=0.8750
训练数据统计: min=-12.4491, max=31.7037, mean=0.0022, std=0.8750
训练数据统计: min=-12.4491, max=31.7037, mean=0.0022, std=0.8750
训练数据统计: min=-12.4491, max=31.7037, mean=0.0022, std=0.8750
训练数据统计: min=-12.4491, max=31.7037, mean=0.0022, std=0.8750
训练数据统计: min=-12.4491, max=31.7037, mean=0.0022, std=0.8750
训练数据统计: min=-12.4491, max=31.7037, mean=0.0022, std=0.8750
训练数据统计: min=-12.4491, max=31.7037, mean=0.0022, std=0.8750
训练数据统计: min=-12.4491, max=31.7037, mean=0.0022, std=0.8750
训练数据统计: min=-12.4491, max=31.7037, mean=0.0022, std=0.8750
训练数据统计: min=-12.4491, max=31.7037, mean=0.0022, std=0.8750
训练数据统计: min=-12.4491, max=31.7037, mean=0.0022, std=0.8750
训练数据统计: min=-12.4491, max=31.7037, mean=0.0022, std=0.8750
训练数据统计: min=-12.4491, max=31.7037, mean=0.0022, std=0.8750
训练数据统计: min=-12.4491, max=31.7037, mean=0.0022, std=0.8750
训练数据统计: min=-12.4491, max=31.7037, mean=0.0022, std=0.8750
训练数据统计: min=-12.4491, max=31.7037, mean=0.0022, std=0.8750
训练数据统计: min=-12.4491, max=31.7037, mean=0.0022, std=0.8750
训练数据统计: min=-12.4491, max=31.7037, mean=0.0022, std=0.8750
训练数据统计: min=-12.4491, max=31.7037, mean=0.0022, std=0.8750
训练数据统计: min=-12.4491, max=31.7037, mean=0.0022, std=0.8750
训练数据统计: min=-12.4491, max=31.7037, mean=0.0022, std=0.8750
训练数据统计: min=-12.4491, max=31.7037, mean=0.0022, std=0.8750
训练数据统计: min=-12.4491, max=31.7037, mean=0.0022, std=0.8750
训练数据统计: min=-12.4491, max=31.7037, mean=0.0022, std=0.8750
训练数据统计: min=-12.4491, max=31.7037, mean=0.0022, std=0.8750
训练数据统计: min=-12.4491, max=31.7037, mean=0.0022, std=0.8750
训练数据统计: min=-12.4491, max=31.7037, mean=0.0022, std=0.8750
训练数据统计: min=-12.4491, max=31.7037, mean=0.0022, std=0.8750
训练数据统计: min=-12.4491, max=31.7037, mean=0.0022, std=0.8750
训练数据统计: min=-12.4491, max=31.7037, mean=0.0022, std=0.8750
训练数据统计: min=-12.4491, max=31.7037, mean=0.0022, std=0.8750
训练数据统计: min=-12.4491, max=31.7037, mean=0.0022, std=0.8750
训练数据统计: min=-12.4491, max=31.7037, mean=0.0022, std=0.8750
训练数据统计: min=-12.4491, max=31.7037, mean=0.0022, std=0.8750
训练数据统计: min=-12.4491, max=31.7037, mean=0.0022, std=0.8750
训练数据统计: min=-12.4491, max=31.7037, mean=0.0022, std=0.8750
训练数据统计: min=-12.4491, max=31.7037, mean=0.0022, std=0.8750
训练数据统计: min=-12.4491, max=31.7037, mean=0.0022, std=0.8750
训练数据统计: min=-12.4491, max=31.7037, mean=0.0022, std=0.8750
训练数据统计: min=-12.4491, max=31.7037, mean=0.0022, std=0.8750
训练数据统计: min=-12.4491, max=31.7037, mean=0.0022, std=0.8750
训练数据统计: min=-12.4491, max=31.7037, mean=0.0022, std=0.8750
训练数据统计: min=-12.4491, max=31.7037, mean=0.0022, std=0.8750
训练数据统计: min=-12.4491, max=31.7037, mean=0.0022, std=0.8750
训练数据统计: min=-12.4491, max=31.7037, mean=0.0022, std=0.8750
训练数据统计: min=-12.4491, max=31.7037, mean=0.0022, std=0.8750
训练数据统计: min=-12.4491, max=31.7037, mean=0.0022, std=0.8750
训练数据统计: min=-12.4491, max=31.7037, mean=0.0022, std=0.8750
迭代 15/20 - 最佳适应度: 2.189090
训练数据统计: min=-12.4491, max=31.7037, mean=0.0022, std=0.8750
训练数据统计: min=-12.4491, max=31.7037, mean=0.0022, std=0.8750
训练数据统计: min=-12.4491, max=31.7037, mean=0.0022, std=0.8750
训练数据统计: min=-12.4491, max=31.7037, mean=0.0022, std=0.8750
训练数据统计: min=-12.4491, max=31.7037, mean=0.0022, std=0.8750
训练数据统计: min=-12.4491, max=31.7037, mean=0.0022, std=0.8750
训练数据统计: min=-12.4491, max=31.7037, mean=0.0022, std=0.8750
训练数据统计: min=-12.4491, max=31.7037, mean=0.0022, std=0.8750
训练数据统计: min=-12.4491, max=31.7037, mean=0.0022, std=0.8750
训练数据统计: min=-12.4491, max=31.7037, mean=0.0022, std=0.8750
训练数据统计: min=-12.4491, max=31.7037, mean=0.0022, std=0.8750
训练数据统计: min=-12.4491, max=31.7037, mean=0.0022, std=0.8750
训练数据统计: min=-12.4491, max=31.7037, mean=0.0022, std=0.8750
训练数据统计: min=-12.4491, max=31.7037, mean=0.0022, std=0.8750
训练数据统计: min=-12.4491, max=31.7037, mean=0.0022, std=0.8750
训练数据统计: min=-12.4491, max=31.7037, mean=0.0022, std=0.8750
训练数据统计: min=-12.4491, max=31.7037, mean=0.0022, std=0.8750
训练数据统计: min=-12.4491, max=31.7037, mean=0.0022, std=0.8750
训练数据统计: min=-12.4491, max=31.7037, mean=0.0022, std=0.8750
训练数据统计: min=-12.4491, max=31.7037, mean=0.0022, std=0.8750
训练数据统计: min=-12.4491, max=31.7037, mean=0.0022, std=0.8750
训练数据统计: min=-12.4491, max=31.7037, mean=0.0022, std=0.8750
训练数据统计: min=-12.4491, max=31.7037, mean=0.0022, std=0.8750
训练数据统计: min=-12.4491, max=31.7037, mean=0.0022, std=0.8750
训练数据统计: min=-12.4491, max=31.7037, mean=0.0022, std=0.8750
训练数据统计: min=-12.4491, max=31.7037, mean=0.0022, std=0.8750
训练数据统计: min=-12.4491, max=31.7037, mean=0.0022, std=0.8750
训练数据统计: min=-12.4491, max=31.7037, mean=0.0022, std=0.8750
训练数据统计: min=-12.4491, max=31.7037, mean=0.0022, std=0.8750
训练数据统计: min=-12.4491, max=31.7037, mean=0.0022, std=0.8750
训练数据统计: min=-12.4491, max=31.7037, mean=0.0022, std=0.8750
训练数据统计: min=-12.4491, max=31.7037, mean=0.0022, std=0.8750
训练数据统计: min=-12.4491, max=31.7037, mean=0.0022, std=0.8750
训练数据统计: min=-12.4491, max=31.7037, mean=0.0022, std=0.8750
训练数据统计: min=-12.4491, max=31.7037, mean=0.0022, std=0.8750
训练数据统计: min=-12.4491, max=31.7037, mean=0.0022, std=0.8750
训练数据统计: min=-12.4491, max=31.7037, mean=0.0022, std=0.8750
训练数据统计: min=-12.4491, max=31.7037, mean=0.0022, std=0.8750
训练数据统计: min=-12.4491, max=31.7037, mean=0.0022, std=0.8750
训练数据统计: min=-12.4491, max=31.7037, mean=0.0022, std=0.8750
训练数据统计: min=-12.4491, max=31.7037, mean=0.0022, std=0.8750
训练数据统计: min=-12.4491, max=31.7037, mean=0.0022, std=0.8750
训练数据统计: min=-12.4491, max=31.7037, mean=0.0022, std=0.8750
训练数据统计: min=-12.4491, max=31.7037, mean=0.0022, std=0.8750
训练数据统计: min=-12.4491, max=31.7037, mean=0.0022, std=0.8750
训练数据统计: min=-12.4491, max=31.7037, mean=0.0022, std=0.8750
训练数据统计: min=-12.4491, max=31.7037, mean=0.0022, std=0.8750
训练数据统计: min=-12.4491, max=31.7037, mean=0.0022, std=0.8750
训练数据统计: min=-12.4491, max=31.7037, mean=0.0022, std=0.8750
训练数据统计: min=-12.4491, max=31.7037, mean=0.0022, std=0.8750
训练数据统计: min=-12.4491, max=31.7037, mean=0.0022, std=0.8750
训练数据统计: min=-12.4491, max=31.7037, mean=0.0022, std=0.8750
训练数据统计: min=-12.4491, max=31.7037, mean=0.0022, std=0.8750
训练数据统计: min=-12.4491, max=31.7037, mean=0.0022, std=0.8750
训练数据统计: min=-12.4491, max=31.7037, mean=0.0022, std=0.8750
训练数据统计: min=-12.4491, max=31.7037, mean=0.0022, std=0.8750
训练数据统计: min=-12.4491, max=31.7037, mean=0.0022, std=0.8750
训练数据统计: min=-12.4491, max=31.7037, mean=0.0022, std=0.8750
训练数据统计: min=-12.4491, max=31.7037, mean=0.0022, std=0.8750
训练数据统计: min=-12.4491, max=31.7037, mean=0.0022, std=0.8750
训练数据统计: min=-12.4491, max=31.7037, mean=0.0022, std=0.8750
训练数据统计: min=-12.4491, max=31.7037, mean=0.0022, std=0.8750
训练数据统计: min=-12.4491, max=31.7037, mean=0.0022, std=0.8750
训练数据统计: min=-12.4491, max=31.7037, mean=0.0022, std=0.8750
训练数据统计: min=-12.4491, max=31.7037, mean=0.0022, std=0.8750
训练数据统计: min=-12.4491, max=31.7037, mean=0.0022, std=0.8750
训练数据统计: min=-12.4491, max=31.7037, mean=0.0022, std=0.8750
训练数据统计: min=-12.4491, max=31.7037, mean=0.0022, std=0.8750
训练数据统计: min=-12.4491, max=31.7037, mean=0.0022, std=0.8750
训练数据统计: min=-12.4491, max=31.7037, mean=0.0022, std=0.8750
训练数据统计: min=-12.4491, max=31.7037, mean=0.0022, std=0.8750
训练数据统计: min=-12.4491, max=31.7037, mean=0.0022, std=0.8750
训练数据统计: min=-12.4491, max=31.7037, mean=0.0022, std=0.8750
训练数据统计: min=-12.4491, max=31.7037, mean=0.0022, std=0.8750
训练数据统计: min=-12.4491, max=31.7037, mean=0.0022, std=0.8750
迭代 20/20 - 最佳适应度: 2.189090
优化完成！最佳适应度: 2.189090
最佳参数配置:
  batch_size: 1024
  learning_rate: 0.005
  optimizer: rmsprop
  n_layers: 3
  n_kernels: 256
  kernel_size: 1
  normalization: none
  activation: sigmoid

3. 使用最佳参数训练最终模型...
最终模型配置:
  - 批量大小: 125
  - 学习率: 0.005
  - 优化器: rmsprop
  - 卷积层数: 3
  - 每层卷积核数: 256
  - 卷积核大小: 1
  - 归一化: none
  - 激活函数: sigmoid
/root/autodl-tmp/SWaT-ICS_Anomaly_Detection/algorithms/EvoAAE/train_evoaae.py:373: UserWarning: Glyph 35757 (\N{CJK UNIFIED IDEOGRAPH-8BAD}) missing from font(s) DejaVu Sans.
  plt.tight_layout()
/root/autodl-tmp/SWaT-ICS_Anomaly_Detection/algorithms/EvoAAE/train_evoaae.py:373: UserWarning: Glyph 32451 (\N{CJK UNIFIED IDEOGRAPH-7EC3}) missing from font(s) DejaVu Sans.
  plt.tight_layout()
/root/autodl-tmp/SWaT-ICS_Anomaly_Detection/algorithms/EvoAAE/train_evoaae.py:373: UserWarning: Glyph 25439 (\N{CJK UNIFIED IDEOGRAPH-635F}) missing from font(s) DejaVu Sans.
  plt.tight_layout()
/root/autodl-tmp/SWaT-ICS_Anomaly_Detection/algorithms/EvoAAE/train_evoaae.py:373: UserWarning: Glyph 22833 (\N{CJK UNIFIED IDEOGRAPH-5931}) missing from font(s) DejaVu Sans.
  plt.tight_layout()
/root/autodl-tmp/SWaT-ICS_Anomaly_Detection/algorithms/EvoAAE/train_evoaae.py:379: UserWarning: Glyph 35757 (\N{CJK UNIFIED IDEOGRAPH-8BAD}) missing from font(s) DejaVu Sans.
  plt.savefig(os.path.join(output_dir, 'evoaae_swat_results.png'),
/root/autodl-tmp/SWaT-ICS_Anomaly_Detection/algorithms/EvoAAE/train_evoaae.py:379: UserWarning: Glyph 32451 (\N{CJK UNIFIED IDEOGRAPH-7EC3}) missing from font(s) DejaVu Sans.
  plt.savefig(os.path.join(output_dir, 'evoaae_swat_results.png'),
/root/autodl-tmp/SWaT-ICS_Anomaly_Detection/algorithms/EvoAAE/train_evoaae.py:379: UserWarning: Glyph 25439 (\N{CJK UNIFIED IDEOGRAPH-635F}) missing from font(s) DejaVu Sans.
  plt.savefig(os.path.join(output_dir, 'evoaae_swat_results.png'),
/root/autodl-tmp/SWaT-ICS_Anomaly_Detection/algorithms/EvoAAE/train_evoaae.py:379: UserWarning: Glyph 22833 (\N{CJK UNIFIED IDEOGRAPH-5931}) missing from font(s) DejaVu Sans.
  plt.savefig(os.path.join(output_dir, 'evoaae_swat_results.png'),
训练数据统计: min=-12.4491, max=31.7037, mean=0.0022, std=0.8750
[预热阶段] Epoch 1 - 学习率: 0.000100
[预热阶段] Epoch 2 - 学习率: 0.000200
[预热阶段] Epoch 3 - 学习率: 0.000300
[预热阶段] Epoch 4 - 学习率: 0.000400
[预热阶段] Epoch 5 - 学习率: 0.000500
Epoch 10/50 - loss: 1.8884 - val_loss: 2.0957
Epoch 20/50 - loss: 2.1387 - val_loss: 2.1755
Epoch 30/50 - loss: 2.1457 - val_loss: 2.1812
Epoch 40/50 - loss: 2.1591 - val_loss: 2.1741
Epoch 50/50 - loss: 2.1589 - val_loss: 2.1741

训练完成！

4. 计算异常检测阈值...
   使用验证集（正常数据）的重建误差来设定阈值...
阈值已计算: 10.122169
   (99%分位: 2.261851, 均值+3σ: 10.122169)
   验证集重建误差统计:
     - 最小值: 0.117564
     - 最大值: 38.627075
     - 平均值: 0.788446
     - 中位数: 0.445856
     - 99%ile: 2.261851

================================================================================
在测试集上评估模型...
================================================================================
原始测试集大小: 89984
窗口化后测试集大小: 4495
检测结果长度: 4495
评估结果:
  - Precision: 1.0000
  - Recall: 0.4738
  - F1-Score: 0.6429
  - 检测到的异常: 334/705

生成可视化结果...
结果图已保存到: /root/autodl-tmp/SWaT-ICS_Anomaly_Detection/results/EvoAAE/evoaae_swat_results.png

================================================================================
保存中间结果和模型信息...
================================================================================
 训练数据已保存到: /root/autodl-tmp/SWaT-ICS_Anomaly_Detection/results/EvoAAE/preprocessed_data/train_data.npz
 测试数据已保存到: /root/autodl-tmp/SWaT-ICS_Anomaly_Detection/results/EvoAAE/preprocessed_data/test_data.npz
 原始测试标签已保存到: /root/autodl-tmp/SWaT-ICS_Anomaly_Detection/results/EvoAAE/preprocessed_data/test_labels_original.npz
 训练历史已保存到: /root/autodl-tmp/SWaT-ICS_Anomaly_Detection/results/EvoAAE/training_history/history.json
 训练历史CSV已保存到: /root/autodl-tmp/SWaT-ICS_Anomaly_Detection/results/EvoAAE/training_history/history.csv
 异常检测结果已保存到: /root/autodl-tmp/SWaT-ICS_Anomaly_Detection/results/EvoAAE/detection_results/anomaly_detection.npz
 评估指标已保存到: /root/autodl-tmp/SWaT-ICS_Anomaly_Detection/results/EvoAAE/detection_results/metrics.json
 模型配置已保存到: /root/autodl-tmp/SWaT-ICS_Anomaly_Detection/results/EvoAAE/config/model_config.json
 数据集信息已保存到: /root/autodl-tmp/SWaT-ICS_Anomaly_Detection/results/EvoAAE/config/dataset_info.json
 模型对象已保存到: /root/autodl-tmp/SWaT-ICS_Anomaly_Detection/results/EvoAAE/model/evoaae_model.pkl
 执行摘要已保存到: /root/autodl-tmp/SWaT-ICS_Anomaly_Detection/results/EvoAAE/execution_summary.json

所有中间结果已保存完成！
保存位置: /root/autodl-tmp/SWaT-ICS_Anomaly_Detection/results/EvoAAE

调试信息:
  重构误差长度: 4495
  异常标签长度: 4495
  原始y_test长度: 4495
  匹配后y_test长度: 4495
 检测结果已保存到: /root/autodl-tmp/SWaT-ICS_Anomaly_Detection/results/EvoAAE/evoaae_detection_results.csv

================================================================================
训练和测试完成！
================================================================================

训练集大小: (99360, 51)
测试集大小: (89984, 51)
检测到的异常: 334 (7.43%)

Precision: 1.0000
Recall: 0.4738
F1-Score: 0.6429

所有结果已保存到 results/EvoAAE 目录
